0 info it worked if it ends with ok
1 verbose cli [ '/home/ubuntu/.nvm/versions/node/v4.7.3/bin/node',
1 verbose cli   '/home/ubuntu/.nvm/versions/node/v4.7.3/bin/npm',
1 verbose cli   'publish',
1 verbose cli   './' ]
2 info using npm@2.15.11
3 info using node@v4.7.3
4 verbose publish [ './' ]
5 silly cache add args [ './', null ]
6 verbose cache add spec ./
7 silly cache add parsed spec Result {
7 silly cache add   raw: './',
7 silly cache add   scope: null,
7 silly cache add   name: null,
7 silly cache add   rawSpec: './',
7 silly cache add   spec: '/home/ubuntu/workspace/godsend-basics',
7 silly cache add   type: 'directory' }
8 verbose addLocalDirectory /home/ubuntu/.npm/godsend-basics/0.5.0/package.tgz not in flight; packing
9 verbose correctMkdir /home/ubuntu/.npm correctMkdir not in flight; initializing
10 verbose tar pack [ '/home/ubuntu/.npm/godsend-basics/0.5.0/package.tgz',
10 verbose tar pack   '/home/ubuntu/workspace/godsend-basics' ]
11 verbose tarball /home/ubuntu/.npm/godsend-basics/0.5.0/package.tgz
12 verbose folder /home/ubuntu/workspace/godsend-basics
13 info prepublish godsend-basics@0.5.0
14 verbose addLocalTarball adding from inside cache /home/ubuntu/.npm/godsend-basics/0.5.0/package.tgz
15 verbose correctMkdir /home/ubuntu/.npm correctMkdir not in flight; initializing
16 silly cache afterAdd godsend-basics@0.5.0
17 verbose afterAdd /home/ubuntu/.npm/godsend-basics/0.5.0/package/package.json not in flight; writing
18 verbose correctMkdir /home/ubuntu/.npm correctMkdir not in flight; initializing
19 verbose afterAdd /home/ubuntu/.npm/godsend-basics/0.5.0/package/package.json written
20 silly publish { name: 'godsend-basics',
20 silly publish   description: 'Separation of concerns for streaming microservices.',
20 silly publish   author: { name: 'Philip Weaver' },
20 silly publish   contributors: [],
20 silly publish   version: '0.5.0',
20 silly publish   main: './src/main-node.js',
20 silly publish   scripts: {},
20 silly publish   dependencies:
20 silly publish    { godsend: '0.5.0',
20 silly publish      express: '4.15.2',
20 silly publish      'js-logger': '1.3.0',
20 silly publish      'serve-index': '1.8.0',
20 silly publish      step: '1.0.0',
20 silly publish      uuid: '3.0.1' },
20 silly publish   devDependencies: { tape: '4.6.3' },
20 silly publish   engines: { node: '4.6.x' },
20 silly publish   keywords:
20 silly publish    [ 'microservice',
20 silly publish      'microservices',
20 silly publish      'messaging',
20 silly publish      'message-bus',
20 silly publish      'message-broker' ],
20 silly publish   license: 'MIT',
20 silly publish   repository:
20 silly publish    { type: 'git',
20 silly publish      url: 'git+https://github.com/simplygreatwork/godsend-basics.git' },
20 silly publish   bugs:
20 silly publish    { url: 'https://github.com/simplygreatwork/godsend-basics/issues',
20 silly publish      email: 'simplygreatwork@gmail.com' },
20 silly publish   readme: '# Godsend Basics\n\nSeparation of concerns for streaming micro-services.\n\n- These are basic elements for using Godsend which don\'t necessarily belong in the core library.\n- Initially, the Godsend examples will be able to load these elements when running online in RunKit. \n',
20 silly publish   readmeFilename: 'README.md',
20 silly publish   gitHead: '853e29f9971d1edb4f75dc45ee9ebbfaed3b7dc3',
20 silly publish   homepage: 'https://github.com/simplygreatwork/godsend-basics#readme',
20 silly publish   _id: 'godsend-basics@0.5.0',
20 silly publish   _shasum: '4d8a040330abd217907ba9cd22c63094defd15b1',
20 silly publish   _from: '.' }
21 verbose getPublishConfig undefined
22 silly mapToRegistry name godsend-basics
23 silly mapToRegistry using default registry
24 silly mapToRegistry registry https://registry.npmjs.org/
25 silly mapToRegistry data Result {
25 silly mapToRegistry   raw: 'godsend-basics',
25 silly mapToRegistry   scope: null,
25 silly mapToRegistry   name: 'godsend-basics',
25 silly mapToRegistry   rawSpec: '',
25 silly mapToRegistry   spec: 'latest',
25 silly mapToRegistry   type: 'tag' }
26 silly mapToRegistry uri https://registry.npmjs.org/godsend-basics
27 verbose publish registryBase https://registry.npmjs.org/
28 silly publish uploading /home/ubuntu/.npm/godsend-basics/0.5.0/package.tgz
29 verbose request uri https://registry.npmjs.org/godsend-basics
30 verbose request sending authorization for write operation
31 info attempt registry request try #1 at 5:07:48 AM
32 verbose request using bearer token for auth
33 verbose request id b04600d2ba2265c8
34 http request PUT https://registry.npmjs.org/godsend-basics
35 http 403 https://registry.npmjs.org/godsend-basics
36 verbose headers { 'content-type': 'application/json',
36 verbose headers   'cache-control': 'max-age=300',
36 verbose headers   'content-length': '95',
36 verbose headers   'accept-ranges': 'bytes',
36 verbose headers   date: 'Wed, 10 May 2017 05:07:49 GMT',
36 verbose headers   via: '1.1 varnish',
36 verbose headers   connection: 'keep-alive',
36 verbose headers   'x-served-by': 'cache-ord1729-ORD',
36 verbose headers   'x-cache': 'MISS',
36 verbose headers   'x-cache-hits': '0',
36 verbose headers   'x-timer': 'S1494392869.067790,VS0,VE655',
36 verbose headers   vary: 'Accept-Encoding' }
37 verbose request invalidating /home/ubuntu/.npm/registry.npmjs.org/godsend-basics on PUT
38 error publish Failed PUT 403
39 verbose stack Error: "You cannot publish over the previously published version 0.5.0." : godsend-basics
39 verbose stack     at makeError (/home/ubuntu/.nvm/versions/node/v4.7.3/lib/node_modules/npm/node_modules/npm-registry-client/lib/request.js:302:12)
39 verbose stack     at CachingRegistryClient.<anonymous> (/home/ubuntu/.nvm/versions/node/v4.7.3/lib/node_modules/npm/node_modules/npm-registry-client/lib/request.js:290:14)
39 verbose stack     at Request._callback (/home/ubuntu/.nvm/versions/node/v4.7.3/lib/node_modules/npm/node_modules/npm-registry-client/lib/request.js:210:14)
39 verbose stack     at Request.self.callback (/home/ubuntu/.nvm/versions/node/v4.7.3/lib/node_modules/npm/node_modules/request/request.js:187:22)
39 verbose stack     at emitTwo (events.js:87:13)
39 verbose stack     at Request.emit (events.js:172:7)
39 verbose stack     at Request.<anonymous> (/home/ubuntu/.nvm/versions/node/v4.7.3/lib/node_modules/npm/node_modules/request/request.js:1044:10)
39 verbose stack     at emitOne (events.js:77:13)
39 verbose stack     at Request.emit (events.js:169:7)
39 verbose stack     at IncomingMessage.<anonymous> (/home/ubuntu/.nvm/versions/node/v4.7.3/lib/node_modules/npm/node_modules/request/request.js:965:12)
40 verbose statusCode 403
41 verbose pkgid godsend-basics
42 verbose cwd /home/ubuntu/workspace/godsend-basics
43 error Linux 4.9.17-c9
44 error argv "/home/ubuntu/.nvm/versions/node/v4.7.3/bin/node" "/home/ubuntu/.nvm/versions/node/v4.7.3/bin/npm" "publish" "./"
45 error node v4.7.3
46 error npm  v2.15.11
47 error code E403
48 error "You cannot publish over the previously published version 0.5.0." : godsend-basics
49 error If you need help, you may report this error at:
49 error     <https://github.com/npm/npm/issues>
50 verbose exit [ 1, true ]
